1679601722556	geckodriver	INFO	Listening on 127.0.0.1:52237
1679601723081	mozrunner::runner	INFO	Running command: "/Applications/Firefox.app/Contents/MacOS/firefox-bin" "--marionette" "--remote-debugging-port" "52238" "--r ... s" "localhost" "-foreground" "-no-remote" "-profile" "/var/folders/zk/vf208zwx67vf8nf5b5xtyllw0000gn/T/rust_mozprofilexO0Y6C"
console.warn: services.settings: Ignoring preference override of remote settings server
console.warn: services.settings: Allow by setting MOZ_REMOTE_SETTINGS_DEVTOOLS=1 in the environment
1679601723605	Marionette	INFO	Marionette enabled
1679601723862	Marionette	INFO	Listening on port 52245
console.error: "Warning: unrecognized command line flag -remote-allow-hosts\n"
Read port: 52245
WebDriver BiDi listening on ws://127.0.0.1:52238
1679601723987	RemoteAgent	WARN	TLS certificate errors will be ignored for this session
console.warn: SearchSettings: "get: No settings file exists, new profile?" (new NotFoundError("Could not open the file at /var/folders/zk/vf208zwx67vf8nf5b5xtyllw0000gn/T/rust_mozprofilexO0Y6C/search.json.mozlz4", (void 0)))
DevTools listening on ws://127.0.0.1:52238/devtools/browser/2fcbf3a9-7ccd-485e-a1a1-a5005d2bcdbf
1679601770055	geckodriver	INFO	Listening on 127.0.0.1:52291
1679601770571	mozrunner::runner	INFO	Running command: "/Applications/Firefox.app/Contents/MacOS/firefox-bin" "--marionette" "--remote-debugging-port" "52292" "--r ... s" "localhost" "-foreground" "-no-remote" "-profile" "/var/folders/zk/vf208zwx67vf8nf5b5xtyllw0000gn/T/rust_mozprofile0C5AyB"
console.warn: services.settings: Ignoring preference override of remote settings server
console.warn: services.settings: Allow by setting MOZ_REMOTE_SETTINGS_DEVTOOLS=1 in the environment
1679601771008	Marionette	INFO	Marionette enabled
1679601771101	Marionette	INFO	Listening on port 52299
console.error: "Warning: unrecognized command line flag -remote-allow-hosts\n"
Read port: 52299
WebDriver BiDi listening on ws://127.0.0.1:52292
1679601771247	RemoteAgent	WARN	TLS certificate errors will be ignored for this session
console.warn: SearchSettings: "get: No settings file exists, new profile?" (new NotFoundError("Could not open the file at /var/folders/zk/vf208zwx67vf8nf5b5xtyllw0000gn/T/rust_mozprofile0C5AyB/search.json.mozlz4", (void 0)))
DevTools listening on ws://127.0.0.1:52292/devtools/browser/eb2cf198-2647-41ee-84fd-0b467e11db90
JavaScript error: https://www.goodreads.com/_next/static/chunks/node_vendors~2a42e354.380b372e6a9224625307.js, line 1: Error: Request aborted
JavaScript error: , line 0: TypeError: NetworkError when attempting to fetch resource.
JavaScript error: https://www.goodreads.com/_next/static/chunks/node_vendors~2a42e354.380b372e6a9224625307.js, line 1: Error: Request aborted
JavaScript error: , line 0: TypeError: NetworkError when attempting to fetch resource.
JavaScript error: https://www.goodreads.com/_next/static/chunks/node_vendors~2a42e354.380b372e6a9224625307.js, line 1: Error: Request aborted
JavaScript warning: https://pagead2.googlesyndication.com/bg/5ZLoQB_z02QzB_hHqtk5fVBr8jKba2eTnMK3sia1eD8.js line 2 > eval line 2542 > eval line 1 > eval line 1 > eval, line 1: WEBGL_debug_renderer_info is deprecated in Firefox and will be removed. Please use RENDERER.
JavaScript error: , line 0: TypeError: NetworkError when attempting to fetch resource.
JavaScript error: https://www.goodreads.com/_next/static/chunks/node_vendors~2a42e354.380b372e6a9224625307.js, line 1: Error: Request aborted
JavaScript error: https://www.goodreads.com/_next/static/chunks/node_vendors~2a42e354.380b372e6a9224625307.js, line 1: Error: Request aborted
JavaScript warning: https://pagead2.googlesyndication.com/bg/5ZLoQB_z02QzB_hHqtk5fVBr8jKba2eTnMK3sia1eD8.js line 2 > eval line 1925 > eval line 1 > eval line 1 > eval, line 1: WEBGL_debug_renderer_info is deprecated in Firefox and will be removed. Please use RENDERER.
1679601854744	Marionette	WARN	Ignoring event 'pageshow' because document has an invalid readyState of 'uninitialized'.
JavaScript warning: https://pagead2.googlesyndication.com/bg/5ZLoQB_z02QzB_hHqtk5fVBr8jKba2eTnMK3sia1eD8.js line 2 > eval line 5472 > eval line 1 > eval line 1 > eval, line 1: WEBGL_debug_renderer_info is deprecated in Firefox and will be removed. Please use RENDERER.
JavaScript warning: https://pagead2.googlesyndication.com/bg/5ZLoQB_z02QzB_hHqtk5fVBr8jKba2eTnMK3sia1eD8.js line 2 > eval line 1974 > eval line 1 > eval line 1 > eval, line 1: WEBGL_debug_renderer_info is deprecated in Firefox and will be removed. Please use RENDERER.
JavaScript error: https://www.goodreads.com/_next/static/chunks/node_vendors~2a42e354.380b372e6a9224625307.js, line 1: Error: Request aborted
JavaScript error: https://www.goodreads.com/_next/static/chunks/node_vendors~2a42e354.380b372e6a9224625307.js, line 1: Error: Request aborted
JavaScript error: https://www.goodreads.com/_next/static/chunks/node_vendors~2a42e354.380b372e6a9224625307.js, line 1: Error: Request aborted
JavaScript error: https://www.goodreads.com/_next/static/chunks/node_vendors~2a42e354.380b372e6a9224625307.js, line 1: Error: Request aborted
JavaScript error: https://www.goodreads.com/_next/static/chunks/node_vendors~2a42e354.380b372e6a9224625307.js, line 1: Error: Request aborted
JavaScript error: https://www.goodreads.com/_next/static/chunks/node_vendors~2a42e354.380b372e6a9224625307.js, line 1: Error: Request aborted
JavaScript error: https://www.goodreads.com/_next/static/chunks/node_vendors~2a42e354.380b372e6a9224625307.js, line 1: Error: Request aborted
JavaScript error: https://www.goodreads.com/_next/static/chunks/node_vendors~2a42e354.380b372e6a9224625307.js, line 1: Error: Request aborted
JavaScript error: https://www.goodreads.com/_next/static/chunks/node_vendors~2a42e354.380b372e6a9224625307.js, line 1: Error: Request aborted
JavaScript warning: https://pagead2.googlesyndication.com/bg/5ZLoQB_z02QzB_hHqtk5fVBr8jKba2eTnMK3sia1eD8.js line 2 > eval line 5580 > eval line 1 > eval line 1 > eval, line 1: WEBGL_debug_renderer_info is deprecated in Firefox and will be removed. Please use RENDERER.
JavaScript error: https://www.goodreads.com/_next/static/chunks/node_vendors~2a42e354.380b372e6a9224625307.js, line 1: Error: Request aborted
JavaScript error: https://www.goodreads.com/_next/static/chunks/node_vendors~2a42e354.380b372e6a9224625307.js, line 1: Error: Request aborted
JavaScript error: https://www.goodreads.com/_next/static/chunks/node_vendors~2a42e354.380b372e6a9224625307.js, line 1: Error: Request aborted
JavaScript warning: https://pagead2.googlesyndication.com/bg/5ZLoQB_z02QzB_hHqtk5fVBr8jKba2eTnMK3sia1eD8.js line 2 > eval line 2344 > eval line 1 > eval line 1 > eval, line 1: WEBGL_debug_renderer_info is deprecated in Firefox and will be removed. Please use RENDERER.
JavaScript warning: https://pagead2.googlesyndication.com/bg/5ZLoQB_z02QzB_hHqtk5fVBr8jKba2eTnMK3sia1eD8.js line 2 > eval line 5301 > eval line 1 > eval line 1 > eval, line 1: WEBGL_debug_renderer_info is deprecated in Firefox and will be removed. Please use RENDERER.
JavaScript error: https://www.goodreads.com/_next/static/chunks/node_vendors~2a42e354.380b372e6a9224625307.js, line 1: Error: Request aborted
JavaScript error: https://www.goodreads.com/_next/static/chunks/node_vendors~2a42e354.380b372e6a9224625307.js, line 1: Error: Request aborted
JavaScript warning: https://pagead2.googlesyndication.com/bg/5ZLoQB_z02QzB_hHqtk5fVBr8jKba2eTnMK3sia1eD8.js line 2 > eval line 2679 > eval line 1 > eval line 1 > eval, line 1: WEBGL_debug_renderer_info is deprecated in Firefox and will be removed. Please use RENDERER.
JavaScript error: https://www.goodreads.com/_next/static/chunks/node_vendors~2a42e354.380b372e6a9224625307.js, line 1: Error: Request aborted
JavaScript warning: https://pagead2.googlesyndication.com/bg/5ZLoQB_z02QzB_hHqtk5fVBr8jKba2eTnMK3sia1eD8.js line 2 > eval line 6950 > eval line 1 > eval line 1 > eval, line 1: WEBGL_debug_renderer_info is deprecated in Firefox and will be removed. Please use RENDERER.
JavaScript error: https://www.goodreads.com/_next/static/chunks/node_vendors~2a42e354.380b372e6a9224625307.js, line 1: Error: Request aborted
JavaScript error: https://www.goodreads.com/_next/static/chunks/node_vendors~2a42e354.380b372e6a9224625307.js, line 1: Error: Request aborted
JavaScript warning: https://pagead2.googlesyndication.com/bg/5ZLoQB_z02QzB_hHqtk5fVBr8jKba2eTnMK3sia1eD8.js line 2 > eval line 2239 > eval line 1 > eval line 1 > eval, line 1: WEBGL_debug_renderer_info is deprecated in Firefox and will be removed. Please use RENDERER.
JavaScript warning: https://pagead2.googlesyndication.com/bg/5ZLoQB_z02QzB_hHqtk5fVBr8jKba2eTnMK3sia1eD8.js line 2 > eval line 5745 > eval line 1 > eval line 1 > eval, line 1: WEBGL_debug_renderer_info is deprecated in Firefox and will be removed. Please use RENDERER.
JavaScript error: https://www.goodreads.com/_next/static/chunks/node_vendors~2a42e354.380b372e6a9224625307.js, line 1: Error: Request aborted
JavaScript warning: https://pagead2.googlesyndication.com/bg/5ZLoQB_z02QzB_hHqtk5fVBr8jKba2eTnMK3sia1eD8.js line 2 > eval line 6934 > eval line 1 > eval line 1 > eval, line 1: WEBGL_debug_renderer_info is deprecated in Firefox and will be removed. Please use RENDERER.
JavaScript error: https://www.goodreads.com/_next/static/chunks/node_vendors~2a42e354.380b372e6a9224625307.js, line 1: Error: Request aborted
JavaScript error: https://www.goodreads.com/_next/static/chunks/node_vendors~2a42e354.380b372e6a9224625307.js, line 1: Error: Request aborted
JavaScript error: resource://gre/actors/ContentMetaChild.jsm, line 183: InvalidStateError: JSWindowActorChild.sendAsyncMessage: JSWindowActorChild cannot send at the moment
JavaScript warning: https://pagead2.googlesyndication.com/bg/5ZLoQB_z02QzB_hHqtk5fVBr8jKba2eTnMK3sia1eD8.js line 2 > eval line 7210 > eval line 1 > eval line 1 > eval, line 1: WEBGL_debug_renderer_info is deprecated in Firefox and will be removed. Please use RENDERER.
JavaScript error: https://www.goodreads.com/_next/static/chunks/node_vendors~2a42e354.380b372e6a9224625307.js, line 1: Error: Request aborted
JavaScript warning: https://pagead2.googlesyndication.com/bg/5ZLoQB_z02QzB_hHqtk5fVBr8jKba2eTnMK3sia1eD8.js line 2 > eval line 6865 > eval line 1 > eval line 1 > eval, line 1: WEBGL_debug_renderer_info is deprecated in Firefox and will be removed. Please use RENDERER.
JavaScript warning: https://pagead2.googlesyndication.com/bg/5ZLoQB_z02QzB_hHqtk5fVBr8jKba2eTnMK3sia1eD8.js line 2 > eval line 1537 > eval line 1 > eval line 1 > eval, line 1: WEBGL_debug_renderer_info is deprecated in Firefox and will be removed. Please use RENDERER.
JavaScript warning: https://pagead2.googlesyndication.com/bg/5ZLoQB_z02QzB_hHqtk5fVBr8jKba2eTnMK3sia1eD8.js line 2 > eval line 6622 > eval line 1 > eval line 1 > eval, line 1: WEBGL_debug_renderer_info is deprecated in Firefox and will be removed. Please use RENDERER.
JavaScript warning: https://pagead2.googlesyndication.com/bg/5ZLoQB_z02QzB_hHqtk5fVBr8jKba2eTnMK3sia1eD8.js line 2 > eval line 7065 > eval line 1 > eval line 1 > eval, line 1: WEBGL_debug_renderer_info is deprecated in Firefox and will be removed. Please use RENDERER.
JavaScript error: https://www.goodreads.com/_next/static/chunks/node_vendors~2a42e354.380b372e6a9224625307.js, line 1: Error: Request aborted
JavaScript error: https://www.goodreads.com/_next/static/chunks/node_vendors~2a42e354.380b372e6a9224625307.js, line 1: Error: Request aborted
JavaScript error: resource://gre/actors/ContentMetaChild.jsm, line 183: InvalidStateError: JSWindowActorChild.sendAsyncMessage: JSWindowActorChild cannot send at the moment
JavaScript warning: https://pagead2.googlesyndication.com/bg/5ZLoQB_z02QzB_hHqtk5fVBr8jKba2eTnMK3sia1eD8.js line 2 > eval line 5941 > eval line 1 > eval line 1 > eval, line 1: WEBGL_debug_renderer_info is deprecated in Firefox and will be removed. Please use RENDERER.
JavaScript warning: https://pagead2.googlesyndication.com/bg/5ZLoQB_z02QzB_hHqtk5fVBr8jKba2eTnMK3sia1eD8.js line 2 > eval line 993 > eval line 1 > eval line 1 > eval, line 1: WEBGL_debug_renderer_info is deprecated in Firefox and will be removed. Please use RENDERER.
JavaScript error: https://www.goodreads.com/_next/static/chunks/node_vendors~2a42e354.380b372e6a9224625307.js, line 1: Error: Request aborted
JavaScript error: https://www.goodreads.com/_next/static/chunks/node_vendors~2a42e354.380b372e6a9224625307.js, line 1: Error: Request aborted
JavaScript error: https://www.goodreads.com/_next/static/chunks/node_vendors~2a42e354.380b372e6a9224625307.js, line 1: Error: Request aborted
JavaScript warning: https://pagead2.googlesyndication.com/bg/5ZLoQB_z02QzB_hHqtk5fVBr8jKba2eTnMK3sia1eD8.js line 2 > eval line 1737 > eval line 1 > eval line 1 > eval, line 1: WEBGL_debug_renderer_info is deprecated in Firefox and will be removed. Please use RENDERER.
JavaScript warning: https://pagead2.googlesyndication.com/bg/5ZLoQB_z02QzB_hHqtk5fVBr8jKba2eTnMK3sia1eD8.js line 2 > eval line 152 > eval line 1 > eval line 1 > eval, line 1: WEBGL_debug_renderer_info is deprecated in Firefox and will be removed. Please use RENDERER.
JavaScript error: https://www.goodreads.com/_next/static/chunks/node_vendors~2a42e354.380b372e6a9224625307.js, line 1: Error: Request aborted
JavaScript error: https://www.goodreads.com/_next/static/chunks/node_vendors~2a42e354.380b372e6a9224625307.js, line 1: Error: Request aborted
JavaScript error: https://www.goodreads.com/_next/static/chunks/node_vendors~2a42e354.380b372e6a9224625307.js, line 1: Error: Request aborted
JavaScript warning: https://pagead2.googlesyndication.com/bg/5ZLoQB_z02QzB_hHqtk5fVBr8jKba2eTnMK3sia1eD8.js line 2 > eval line 4938 > eval line 1 > eval line 1 > eval, line 1: WEBGL_debug_renderer_info is deprecated in Firefox and will be removed. Please use RENDERER.
JavaScript warning: https://pagead2.googlesyndication.com/bg/5ZLoQB_z02QzB_hHqtk5fVBr8jKba2eTnMK3sia1eD8.js line 2 > eval line 6645 > eval line 1 > eval line 1 > eval, line 1: WEBGL_debug_renderer_info is deprecated in Firefox and will be removed. Please use RENDERER.
1679603730238	geckodriver	INFO	Listening on 127.0.0.1:53701
1679603730758	mozrunner::runner	INFO	Running command: "/Applications/Firefox.app/Contents/MacOS/firefox-bin" "--marionette" "--remote-debugging-port" "53702" "--r ... s" "localhost" "-foreground" "-no-remote" "-profile" "/var/folders/zk/vf208zwx67vf8nf5b5xtyllw0000gn/T/rust_mozprofilezBMyAY"
console.warn: services.settings: Ignoring preference override of remote settings server
console.warn: services.settings: Allow by setting MOZ_REMOTE_SETTINGS_DEVTOOLS=1 in the environment
1679603731211	Marionette	INFO	Marionette enabled
1679603731445	Marionette	INFO	Listening on port 53709
console.error: "Warning: unrecognized command line flag -remote-allow-hosts\n"
Read port: 53709
WebDriver BiDi listening on ws://127.0.0.1:53702
1679603731554	RemoteAgent	WARN	TLS certificate errors will be ignored for this session
console.warn: SearchSettings: "get: No settings file exists, new profile?" (new NotFoundError("Could not open the file at /var/folders/zk/vf208zwx67vf8nf5b5xtyllw0000gn/T/rust_mozprofilezBMyAY/search.json.mozlz4", (void 0)))
DevTools listening on ws://127.0.0.1:53702/devtools/browser/2a4b3024-2e34-4e75-bc42-43880ac9e968
JavaScript error: , line 0: TypeError: NetworkError when attempting to fetch resource.
JavaScript error: https://www.goodreads.com/_next/static/chunks/node_vendors~2a42e354.380b372e6a9224625307.js, line 1: Error: Request aborted
JavaScript warning: https://pagead2.googlesyndication.com/bg/5ZLoQB_z02QzB_hHqtk5fVBr8jKba2eTnMK3sia1eD8.js line 2 > eval line 5915 > eval line 1 > eval line 1 > eval, line 1: WEBGL_debug_renderer_info is deprecated in Firefox and will be removed. Please use RENDERER.
JavaScript error: , line 0: TypeError: NetworkError when attempting to fetch resource.
JavaScript warning: https://pagead2.googlesyndication.com/bg/5ZLoQB_z02QzB_hHqtk5fVBr8jKba2eTnMK3sia1eD8.js line 2 > eval line 4399 > eval line 1 > eval line 1 > eval, line 1: WEBGL_debug_renderer_info is deprecated in Firefox and will be removed. Please use RENDERER.
JavaScript error: , line 0: TypeError: NetworkError when attempting to fetch resource.
JavaScript warning: https://pagead2.googlesyndication.com/bg/5ZLoQB_z02QzB_hHqtk5fVBr8jKba2eTnMK3sia1eD8.js line 2 > eval line 6103 > eval line 1 > eval line 1 > eval, line 1: WEBGL_debug_renderer_info is deprecated in Firefox and will be removed. Please use RENDERER.
JavaScript error: , line 0: TypeError: NetworkError when attempting to fetch resource.
JavaScript error: https://www.goodreads.com/_next/static/chunks/node_vendors~2a42e354.380b372e6a9224625307.js, line 1: Error: Request aborted
JavaScript error: https://www.goodreads.com/_next/static/chunks/node_vendors~2a42e354.380b372e6a9224625307.js, line 1: Error: Request aborted
JavaScript error: https://www.goodreads.com/_next/static/chunks/node_vendors~2a42e354.380b372e6a9224625307.js, line 1: Error: Request aborted
JavaScript error: , line 0: uncaught exception: undefined
JavaScript error: https://www.goodreads.com/_next/static/chunks/node_vendors~2a42e354.380b372e6a9224625307.js, line 1: Error: Request aborted
JavaScript error: https://www.goodreads.com/_next/static/chunks/node_vendors~2a42e354.380b372e6a9224625307.js, line 1: Error: Request aborted
JavaScript warning: https://pagead2.googlesyndication.com/bg/5ZLoQB_z02QzB_hHqtk5fVBr8jKba2eTnMK3sia1eD8.js line 2 > eval line 2826 > eval line 1 > eval line 1 > eval, line 1: WEBGL_debug_renderer_info is deprecated in Firefox and will be removed. Please use RENDERER.
JavaScript error: , line 0: TypeError: NetworkError when attempting to fetch resource.
JavaScript error: https://www.goodreads.com/_next/static/chunks/node_vendors~2a42e354.380b372e6a9224625307.js, line 1: Error: Request aborted
JavaScript error: https://www.goodreads.com/_next/static/chunks/node_vendors~2a42e354.380b372e6a9224625307.js, line 1: Error: Request aborted
JavaScript warning: https://pagead2.googlesyndication.com/bg/5ZLoQB_z02QzB_hHqtk5fVBr8jKba2eTnMK3sia1eD8.js line 2 > eval line 6314 > eval line 1 > eval line 1 > eval, line 1: WEBGL_debug_renderer_info is deprecated in Firefox and will be removed. Please use RENDERER.
JavaScript error: , line 0: TypeError: NetworkError when attempting to fetch resource.
JavaScript error: , line 0: uncaught exception: undefined
JavaScript error: https://www.goodreads.com/_next/static/chunks/node_vendors~2a42e354.380b372e6a9224625307.js, line 1: Error: Request aborted
JavaScript error: https://www.goodreads.com/_next/static/chunks/node_vendors~2a42e354.380b372e6a9224625307.js, line 1: Error: Request aborted
JavaScript error: https://www.goodreads.com/_next/static/chunks/node_vendors~2a42e354.380b372e6a9224625307.js, line 1: Error: Request aborted
JavaScript error: , line 0: uncaught exception: undefined
1679603986792	Marionette	WARN	Ignoring event 'pageshow' because document has an invalid readyState of 'uninitialized'.
JavaScript error: , line 0: TypeError: NetworkError when attempting to fetch resource.
JavaScript error: https://www.goodreads.com/_next/static/chunks/node_vendors~2a42e354.380b372e6a9224625307.js, line 1: Error: Request aborted
JavaScript error: https://www.goodreads.com/_next/static/chunks/node_vendors~2a42e354.380b372e6a9224625307.js, line 1: Error: Request aborted
JavaScript warning: https://pagead2.googlesyndication.com/bg/5ZLoQB_z02QzB_hHqtk5fVBr8jKba2eTnMK3sia1eD8.js line 2 > eval line 2466 > eval line 1 > eval line 1 > eval, line 1: WEBGL_debug_renderer_info is deprecated in Firefox and will be removed. Please use RENDERER.
JavaScript error: , line 0: TypeError: NetworkError when attempting to fetch resource.
JavaScript error: , line 0: uncaught exception: undefined
JavaScript error: https://www.goodreads.com/_next/static/chunks/node_vendors~2a42e354.380b372e6a9224625307.js, line 1: Error: Request aborted
1679667830865	Marionette	INFO	Stopped listening on port 53709
console.warn: TopSitesFeed: Failed to fetch data from Contile server: NetworkError when attempting to fetch resource.
1679667832734	Marionette	INFO	Stopped listening on port 52299
console.warn: TopSitesFeed: Failed to fetch data from Contile server: NetworkError when attempting to fetch resource.
1679667835093	Marionette	INFO	Stopped listening on port 52245
console.warn: TopSitesFeed: Failed to fetch data from Contile server: NetworkError when attempting to fetch resource.
